# JRE version: OpenJDK Runtime Environment Temurin-21.0.2+13 (21.0.2+13) (build 21.0.2+13-LTS)
# Java VM: OpenJDK 64-Bit Server VM Temurin-21.0.2+13 (21.0.2+13-LTS, mixed mode, emulated-client, tiered, compressed oops, compressed class ptrs, g1 gc, bsd-aarch64)
GC Precious Log:
 CardTable entry size: 512
 Card Set container configuration: InlinePtr #cards 5 size 8 Array Of Cards #cards 12 size 40 Howl #buckets 4 coarsen threshold 1843 Howl Bitmap #cards 512 size 80 coarsen threshold 460 Card regions per heap region 1 cards per card region 2048
 CPUs: 8 total, 8 available
 Memory: 8192M
 Large Page Support: Disabled
 NUMA Support: Disabled
 Compressed Oops: Enabled (Zero based)
 Heap Region Size: 1M
 Heap Min Capacity: 8M
 Heap Initial Capacity: 128M
 Heap Max Capacity: 2G
 Pre-touch: Disabled
 Parallel Workers: 8
 Concurrent Workers: 2
 Concurrent Refinement Workers: 8
 Periodic GC: Disabled
Heap:
 garbage-first heap   total 61440K, used 49922K [0x0000000780000000, 0x0000000800000000)
  region size 1024K, 35 young (35840K), 3 survivors (3072K)
 Metaspace       used 43748K, committed 44288K, reserved 1114112K
  class space    used 5389K, committed 5632K, reserved 1048576K
GC Heap History (20 events):
Event: 1.286 GC heap after
{Heap after GC invocations=6 (full 0):
 garbage-first heap   total 34816K, used 8404K [0x0000000780000000, 0x0000000800000000)
  region size 1024K, 2 young (2048K), 2 survivors (2048K)
 Metaspace       used 24819K, committed 25152K, reserved 1114112K
  class space    used 2771K, committed 2944K, reserved 1048576K
}
Event: 1.317 GC heap before
{Heap before GC invocations=6 (full 0):
 garbage-first heap   total 34816K, used 25812K [0x0000000780000000, 0x0000000800000000)
  region size 1024K, 20 young (20480K), 2 survivors (2048K)
 Metaspace       used 26465K, committed 26816K, reserved 1114112K
  class space    used 3033K, committed 3200K, reserved 1048576K
}
Event: 1.318 GC heap after
{Heap after GC invocations=7 (full 0):
 garbage-first heap   total 41984K, used 9059K [0x0000000780000000, 0x0000000800000000)
  region size 1024K, 3 young (3072K), 3 survivors (3072K)
 Metaspace       used 26465K, committed 26816K, reserved 1114112K
  class space    used 3033K, committed 3200K, reserved 1048576K
}
Event: 1.354 GC heap before
{Heap before GC invocations=7 (full 0):
 garbage-first heap   total 41984K, used 29539K [0x0000000780000000, 0x0000000800000000)
  region size 1024K, 24 young (24576K), 3 survivors (3072K)
 Metaspace       used 28339K, committed 28736K, reserved 1114112K
  class space    used 3345K, committed 3520K, reserved 1048576K
}
Event: 1.355 GC heap after
{Heap after GC invocations=8 (full 0):
 garbage-first heap   total 41984K, used 9609K [0x0000000780000000, 0x0000000800000000)
  region size 1024K, 2 young (2048K), 2 survivors (2048K)
 Metaspace       used 28339K, committed 28736K, reserved 1114112K
  class space    used 3345K, committed 3520K, reserved 1048576K
}
Event: 1.393 GC heap before
{Heap before GC invocations=8 (full 0):
 garbage-first heap   total 41984K, used 31113K [0x0000000780000000, 0x0000000800000000)
  region size 1024K, 24 young (24576K), 2 survivors (2048K)
 Metaspace       used 30271K, committed 30656K, reserved 1114112K
  class space    used 3534K, committed 3712K, reserved 1048576K
}
Event: 1.394 GC heap after
{Heap after GC invocations=9 (full 0):
 garbage-first heap   total 41984K, used 10463K [0x0000000780000000, 0x0000000800000000)
  region size 1024K, 3 young (3072K), 3 survivors (3072K)
 Metaspace       used 30271K, committed 30656K, reserved 1114112K
  class space    used 3534K, committed 3712K, reserved 1048576K
}
Event: 1.435 GC heap before
{Heap before GC invocations=9 (full 0):
 garbage-first heap   total 41984K, used 30943K [0x0000000780000000, 0x0000000800000000)
  region size 1024K, 24 young (24576K), 3 survivors (3072K)
 Metaspace       used 32342K, committed 32768K, reserved 1114112K
  class space    used 3751K, committed 3968K, reserved 1048576K
}
Event: 1.436 GC heap after
{Heap after GC invocations=10 (full 0):
 garbage-first heap   total 41984K, used 11275K [0x0000000780000000, 0x0000000800000000)
  region size 1024K, 3 young (3072K), 3 survivors (3072K)
 Metaspace       used 32342K, committed 32768K, reserved 1114112K
  class space    used 3751K, committed 3968K, reserved 1048576K
}
Event: 1.469 GC heap before
{Heap before GC invocations=10 (full 0):
 garbage-first heap   total 41984K, used 32779K [0x0000000780000000, 0x0000000800000000)
  region size 1024K, 24 young (24576K), 3 survivors (3072K)
 Metaspace       used 33756K, committed 34176K, reserved 1114112K
  class space    used 3962K, committed 4160K, reserved 1048576K
}
Event: 1.470 GC heap after
{Heap after GC invocations=11 (full 0):
 garbage-first heap   total 54272K, used 11863K [0x0000000780000000, 0x0000000800000000)
  region size 1024K, 2 young (2048K), 2 survivors (2048K)
 Metaspace       used 33756K, committed 34176K, reserved 1114112K
  class space    used 3962K, committed 4160K, reserved 1048576K
}
Event: 1.555 GC heap before
{Heap before GC invocations=11 (full 0):
 garbage-first heap   total 54272K, used 40535K [0x0000000780000000, 0x0000000800000000)
  region size 1024K, 31 young (31744K), 2 survivors (2048K)
 Metaspace       used 35618K, committed 35968K, reserved 1114112K
  class space    used 4247K, committed 4416K, reserved 1048576K
}
Event: 1.556 GC heap after
{Heap after GC invocations=12 (full 0):
 garbage-first heap   total 54272K, used 13844K [0x0000000780000000, 0x0000000800000000)
  region size 1024K, 4 young (4096K), 4 survivors (4096K)
 Metaspace       used 35618K, committed 35968K, reserved 1114112K
  class space    used 4247K, committed 4416K, reserved 1048576K
}
Event: 1.650 GC heap before
{Heap before GC invocations=13 (full 0):
 garbage-first heap   total 51200K, used 39444K [0x0000000780000000, 0x0000000800000000)
  region size 1024K, 30 young (30720K), 4 survivors (4096K)
 Metaspace       used 37223K, committed 37632K, reserved 1114112K
  class space    used 4476K, committed 4672K, reserved 1048576K
}
Event: 1.651 GC heap after
{Heap after GC invocations=14 (full 0):
 garbage-first heap   total 51200K, used 14475K [0x0000000780000000, 0x0000000800000000)
  region size 1024K, 3 young (3072K), 3 survivors (3072K)
 Metaspace       used 37223K, committed 37632K, reserved 1114112K
  class space    used 4476K, committed 4672K, reserved 1048576K
}
Event: 1.753 GC heap before
{Heap before GC invocations=14 (full 0):
 garbage-first heap   total 51200K, used 42123K [0x0000000780000000, 0x0000000800000000)
  region size 1024K, 30 young (30720K), 3 survivors (3072K)
 Metaspace       used 39495K, committed 40000K, reserved 1114112K
  class space    used 4829K, committed 5056K, reserved 1048576K
}
Event: 1.755 GC heap after
{Heap after GC invocations=15 (full 0):
 garbage-first heap   total 51200K, used 15862K [0x0000000780000000, 0x0000000800000000)
  region size 1024K, 3 young (3072K), 3 survivors (3072K)
 Metaspace       used 39495K, committed 40000K, reserved 1114112K
  class space    used 4829K, committed 5056K, reserved 1048576K
}
Event: 1.867 GC heap before
{Heap before GC invocations=15 (full 0):
 garbage-first heap   total 51200K, used 42486K [0x0000000780000000, 0x0000000800000000)
  region size 1024K, 30 young (30720K), 3 survivors (3072K)
 Metaspace       used 41985K, committed 42560K, reserved 1114112K
  class space    used 5161K, committed 5440K, reserved 1048576K
}
Event: 1.869 GC heap after
{Heap after GC invocations=16 (full 0):
 garbage-first heap   total 61440K, used 17154K [0x0000000780000000, 0x0000000800000000)
  region size 1024K, 4 young (4096K), 4 survivors (4096K)
 Metaspace       used 41985K, committed 42560K, reserved 1114112K
  class space    used 5161K, committed 5440K, reserved 1048576K
}
Event: 408.788 GC heap before
{Heap before GC invocations=16 (full 0):
 garbage-first heap   total 61440K, used 49922K [0x0000000780000000, 0x0000000800000000)
  region size 1024K, 36 young (36864K), 4 survivors (4096K)
 Metaspace       used 43748K, committed 44288K, reserved 1114112K
  class space    used 5389K, committed 5632K, reserved 1048576K
}

